<?xml version="1.0" encoding="UTF-8"?>
<testsuite xmlns:xsi="http://www.w3.org/2001/XMLSchema-instance" xsi:noNamespaceSchemaLocation="https://maven.apache.org/surefire/maven-surefire-plugin/xsd/surefire-test-report-3.0.xsd" version="3.0" name="pe.senior.rest.account.AccountApplicationTests" time="11.738" tests="1" errors="0" skipped="0" failures="0">
  <properties>
[...]
</properties>
  <testcase name="contextLoads" classname="pe.senior.rest.account.AccountApplicationTests" time="1.025">
    <system-out><![CDATA[04:36:07.536 [main] INFO org.springframework.test.context.support.AnnotationConfigContextLoaderUtils -- Could not detect default configuration classes for test class [pe.senior.rest.account.AccountApplicationTests]: AccountApplicationTests does not declare any static, non-private, non-final, nested classes annotated with @Configuration.
04:36:07.714 [main] INFO org.springframework.boot.test.context.SpringBootTestContextBootstrapper -- Found @SpringBootConfiguration pe.senior.rest.account.AccountApplication for test class pe.senior.rest.account.AccountApplicationTests
04:36:08.001 [main] INFO org.springframework.boot.devtools.restart.RestartApplicationListener -- Restart disabled due to context in which it is running

  .   ____          _            __ _ _
 /\\ / ___'_ __ _ _(_)_ __  __ _ \ \ \ \
( ( )\___ | '_ | '_| | '_ \/ _` | \ \ \ \
 \\/  ___)| |_)| | | | | || (_| |  ) ) ) )
  '  |____| .__|_| |_|_| |_\__, | / / / /
 =========|_|==============|___/=/_/_/_/

 :: Spring Boot ::                (v3.3.3)

2024-09-01T04:36:08.478-05:00  INFO 10464 --- [account] [           main] p.s.r.account.AccountApplicationTests    : Starting AccountApplicationTests using Java 17.0.10 with PID 10464 (started by Hewlett-Packard in D:\Sources\devsus\account)
2024-09-01T04:36:08.482-05:00  INFO 10464 --- [account] [           main] p.s.r.account.AccountApplicationTests    : No active profile set, falling back to 1 default profile: "default"
2024-09-01T04:36:10.404-05:00  INFO 10464 --- [account] [           main] .s.d.r.c.RepositoryConfigurationDelegate : Bootstrapping Spring Data JPA repositories in DEFAULT mode.
2024-09-01T04:36:10.508-05:00  INFO 10464 --- [account] [           main] .s.d.r.c.RepositoryConfigurationDelegate : Finished Spring Data repository scanning in 90 ms. Found 4 JPA repository interfaces.
2024-09-01T04:36:11.679-05:00  INFO 10464 --- [account] [           main] o.hibernate.jpa.internal.util.LogHelper  : HHH000204: Processing PersistenceUnitInfo [name: default]
2024-09-01T04:36:11.803-05:00  INFO 10464 --- [account] [           main] org.hibernate.Version                    : HHH000412: Hibernate ORM core version 6.5.2.Final
2024-09-01T04:36:11.862-05:00  INFO 10464 --- [account] [           main] o.h.c.internal.RegionFactoryInitiator    : HHH000026: Second-level cache disabled
2024-09-01T04:36:12.422-05:00  INFO 10464 --- [account] [           main] o.s.o.j.p.SpringPersistenceUnitInfo      : No LoadTimeWeaver setup: ignoring JPA class transformer
2024-09-01T04:36:12.467-05:00  INFO 10464 --- [account] [           main] com.zaxxer.hikari.HikariDataSource       : HikariPool-1 - Starting...
2024-09-01T04:36:12.728-05:00  INFO 10464 --- [account] [           main] com.zaxxer.hikari.pool.HikariPool        : HikariPool-1 - Added connection com.mysql.cj.jdbc.ConnectionImpl@674e4c82
2024-09-01T04:36:12.731-05:00  INFO 10464 --- [account] [           main] com.zaxxer.hikari.HikariDataSource       : HikariPool-1 - Start completed.
2024-09-01T04:36:12.805-05:00  WARN 10464 --- [account] [           main] org.hibernate.orm.deprecation            : HHH90000025: MySQLDialect does not need to be specified explicitly using 'hibernate.dialect' (remove the property setting and it will be selected by default)
2024-09-01T04:36:14.621-05:00  INFO 10464 --- [account] [           main] o.h.e.t.j.p.i.JtaPlatformInitiator       : HHH000489: No JTA platform available (set 'hibernate.transaction.jta.platform' to enable JTA platform integration)
2024-09-01T04:36:14.626-05:00  INFO 10464 --- [account] [           main] j.LocalContainerEntityManagerFactoryBean : Initialized JPA EntityManagerFactory for persistence unit 'default'
2024-09-01T04:36:15.906-05:00  WARN 10464 --- [account] [           main] JpaBaseConfiguration$JpaWebConfiguration : spring.jpa.open-in-view is enabled by default. Therefore, database queries may be performed during view rendering. Explicitly configure spring.jpa.open-in-view to disable this warning
2024-09-01T04:36:17.847-05:00  INFO 10464 --- [account] [           main] o.s.b.a.e.web.EndpointLinksResolver      : Exposing 1 endpoint beneath base path '/actuator'
2024-09-01T04:36:18.006-05:00  INFO 10464 --- [account] [           main] p.s.r.account.AccountApplicationTests    : Started AccountApplicationTests in 10.03 seconds (process running for 11.814)
]]></system-out>
  </testcase>
</testsuite>